<?xml version="1.0" encoding="UTF-8"?>
<!-- Generated by org.testng.reporters.JUnitReportReporter -->
<testsuite skipped="0" hostname="Karthik-PC" name="com.crm.qa.testcases.LoginPageTest" tests="2" failures="0" timestamp="2021-02-06T00:15:20 IST" time="36.415" errors="0">
  <testcase name="crmLogoImageTest" time="14.851" classname="com.crm.qa.testcases.LoginPageTest"/>
  <system-out/>
  <testcase name="loginTest" time="21.564" classname="com.crm.qa.testcases.LoginPageTest"/>
  <system-out/>
</testsuite> <!-- com.crm.qa.testcases.LoginPageTest -->
